2002.12.03 16:05 B F:\Detlef\web-page\~detlef\refl\Applications.html --> g-line.chess.cornell.edu /~detlef/refl Applications.html
2002.12.04 16:00 B F:\Detlef\web-page\~detlef\refl\Applications.html --> g-line.chess.cornell.edu /~detlef/refl Applications.html
2002.12.04 16:00 B F:\Detlef\web-page\~detlef\refl\RefractiveIndex.html --> g-line.chess.cornell.edu /~detlef/refl RefractiveIndex.html
2002.12.04 16:00 B F:\Detlef\web-page\~detlef\refl\Reflectivity.htm --> g-line.chess.cornell.edu /~detlef/refl Reflectivity.htm
2002.12.04 16:00 B F:\Detlef\web-page\~detlef\refl\X-rayScattering.html --> g-line.chess.cornell.edu /~detlef/refl X-rayScattering.html
2002.12.04 16:15 B F:\Detlef\web-page\~detlef\refl\standing-waves.gif --> g-line.chess.cornell.edu /~detlef/refl standing-waves.gif
2002.12.04 16:15 B F:\Detlef\web-page\~detlef\refl\StandingWaves.html --> g-line.chess.cornell.edu /~detlef/refl StandingWaves.html
2002.12.04 16:16 B F:\Detlef\web-page\~detlef\refl\MatrixMethod.html --> g-line.chess.cornell.edu /~detlef/refl MatrixMethod.html
2003.01.28 15:44 B F:\Detlef\web-page\~detlef\refl\Reflectivity.htm --> g-line.chess.cornell.edu /~detlef/refl Reflectivity.htm
2003.06.19 13:06 B F:\Detlef\web-page\~detlef\refl\Reflectivity.htm --> g-line.chess.cornell.edu /~detlef/refl Reflectivity.htm
2003.06.19 13:07 B F:\Detlef\web-page\~detlef\refl\X-rayScattering.html --> g-line.chess.cornell.edu /~detlef/refl X-rayScattering.html
2004.01.29 13:16 B F:\Detlef\web-page\~detlef\refl\boundary-conditions.gif --> g-line.chess.cornell.edu /~detlef/refl boundary-conditions.gif
2004.01.29 13:16 B F:\Detlef\web-page\~detlef\refl\boundary-conditions.ppt --> g-line.chess.cornell.edu /~detlef/refl boundary-conditions.ppt
2004.01.29 13:17 B F:\Detlef\web-page\~detlef\refl\discrete-approximation.gif --> g-line.chess.cornell.edu /~detlef/refl discrete-approximation.gif
2004.01.29 13:17 B F:\Detlef\web-page\~detlef\refl\XR-Roughness.html --> g-line.chess.cornell.edu /~detlef/refl XR-Roughness.html
2004.04.09 15:43 B C:\Documents and Settings\Smilgies\My Documents\Old Drives\Drive 1\Detlef\web-page\~detlef\refl\TR-XRF.html --> g-line.chess.cornell.edu /~detlef/refl TR-XRF.html
2004.04.09 15:47 B C:\Documents and Settings\Smilgies\My Documents\Old Drives\Drive 1\Detlef\web-page\~detlef\refl\TypesOfScattering.png --> g-line.chess.cornell.edu /~detlef/refl TypesOfScattering.png
2004.04.09 15:47 B C:\Documents and Settings\Smilgies\My Documents\Old Drives\Drive 1\Detlef\web-page\~detlef\refl\TypesOfScattering.ppt --> g-line.chess.cornell.edu /~detlef/refl TypesOfScattering.ppt
2004.04.09 15:51 B C:\Documents and Settings\Smilgies\My Documents\Old Drives\Drive 1\Detlef\web-page\~detlef\refl\TR-XRF.html --> g-line.chess.cornell.edu /~detlef/refl TR-XRF.html
2004.04.09 15:53 B C:\Documents and Settings\Smilgies\My Documents\Old Drives\Drive 1\Detlef\web-page\~detlef\refl\TR-XRF.html --> g-line.chess.cornell.edu /~detlef/refl TR-XRF.html
